<?xml version="1.0" encoding="UTF-8"?>
<!-- Generated by org.testng.reporters.JUnitReportReporter -->
<testsuite hostname="SUMANTHBVS" name="Assessment.PostTestCase" tests="2" failures="0" timestamp="6 Jun 2016 17:55:56 GMT" time="2.292" errors="0">
  <testcase name="TestPost" time="1.058" classname="Assessment.PostTestCase"/>
  <testcase name="TestPost" time="1.234" classname="Assessment.PostTestCase"/>
</testsuite> <!-- Assessment.PostTestCase -->
