<?xml version="1.0" encoding="UTF-8"?>
<!-- Generated by org.testng.reporters.JUnitReportReporter -->
<testsuite hostname="SUMANTHBVS" name="Assessment.TestCase" tests="3" failures="0" timestamp="6 Jun 2016 20:56:21 GMT" time="0.379" errors="0">
  <testcase name="TestGet" time="0.195" classname="Assessment.TestCase"/>
  <testcase name="TestPost" time="0.096" classname="Assessment.TestCase"/>
  <testcase name="TestHeaders" time="0.088" classname="Assessment.TestCase"/>
</testsuite> <!-- Assessment.TestCase -->
