<?xml version="1.0" encoding="UTF-8"?>
<!-- Generated by org.testng.reporters.JUnitReportReporter -->
<testsuite hostname="SUMANTHBVS" name="Selenium.PostTestCase" tests="2" failures="0" timestamp="6 Jun 2016 20:56:21 GMT" time="2.441" errors="0">
  <testcase name="TestPost" time="1.240" classname="Selenium.PostTestCase"/>
  <testcase name="TestPost" time="1.201" classname="Selenium.PostTestCase"/>
</testsuite> <!-- Selenium.PostTestCase -->
