<?xml version="1.0" encoding="UTF-8"?>
<!-- Generated by org.testng.reporters.JUnitReportReporter -->
<testsuite hostname="SUMANTHBVS" name="Assessment.FirstTest" tests="1" failures="0" timestamp="6 Jun 2016 07:13:29 GMT" time="0.186" errors="0">
  <testcase name="TestGet" time="0.186" classname="Assessment.FirstTest"/>
</testsuite> <!-- Assessment.FirstTest -->
