<?xml version="1.0" encoding="UTF-8"?>
<!-- Generated by org.testng.reporters.JUnitReportReporter -->
<testsuite hostname="SUMANTHBVS" name="Assessment.ValidateCustomerOrder" tests="1" failures="0" timestamp="6 Jun 2016 03:10:45 GMT" time="5.817" errors="0">
  <testcase name="TestPost" time="5.817" classname="Assessment.ValidateCustomerOrder"/>
</testsuite> <!-- Assessment.ValidateCustomerOrder -->
